<?xml version="1.0" encoding="UTF-8"?>
<!-- Generated by org.testng.reporters.JUnitXMLReporter -->
<testsuite ignored="0" hostname="DESKTOP-309P706" failures="0" tests="4" name="Default test" time="0.15" errors="0" timestamp="2022-08-12T12:12:24 IST">
  <testcase classname="testNG.TestCaseGroup" name="test1" time="0.028"/>
  <testcase classname="testNG.TestCaseGroup" name="test2" time="0.003"/>
  <testcase classname="testNG.TestCaseGroup" name="test3" time="0.001"/>
  <testcase classname="testNG.TestCaseGroup" name="test4" time="0.008"/>
</testsuite> <!-- Default test -->
