<?xml version="1.0" encoding="UTF-8"?>
<!-- Generated by org.testng.reporters.JUnitXMLReporter -->
<testsuite ignored="0" hostname="DESKTOP-309P706" failures="0" tests="4" name="Test" time="0.115" errors="0" timestamp="2022-08-12T12:18:46 IST">
  <testcase classname="testNG.ParametersAnnotation" name="test1" time="0.021"/>
  <testcase classname="testNG.ParametersAnnotation" name="test2" time="0.005"/>
  <testcase classname="testNG.ParametersAnnotation" name="test3" time="0.002"/>
  <testcase classname="testNG.ParametersAnnotation" name="test4" time="0.004"/>
</testsuite> <!-- Test -->
