<?xml version="1.0" encoding="UTF-8"?>
<testng-results ignored="0" total="4" passed="4" failed="0" skipped="0">
  <reporter-output>
  </reporter-output>
  <suite started-at="2022-08-04T14:20:13 IST" name="Suite" finished-at="2022-08-04T14:20:14 IST" duration-ms="103">
    <groups>
      <group name="smoke">
        <method signature="ParametersAnnotation.test1(java.lang.String, java.lang.String)[pri:0, instance:testNG.ParametersAnnotation@503d687a]" name="test1" class="testNG.ParametersAnnotation"/>
        <method signature="ParametersAnnotation.test3()[pri:0, instance:testNG.ParametersAnnotation@503d687a]" name="test3" class="testNG.ParametersAnnotation"/>
        <method signature="ParametersAnnotation.test4()[pri:0, instance:testNG.ParametersAnnotation@503d687a]" name="test4" class="testNG.ParametersAnnotation"/>
      </group> <!-- smoke -->
      <group name="sanity">
        <method signature="ParametersAnnotation.test1(java.lang.String, java.lang.String)[pri:0, instance:testNG.ParametersAnnotation@503d687a]" name="test1" class="testNG.ParametersAnnotation"/>
        <method signature="ParametersAnnotation.test2()[pri:0, instance:testNG.ParametersAnnotation@503d687a]" name="test2" class="testNG.ParametersAnnotation"/>
      </group> <!-- sanity -->
    </groups>
    <test started-at="2022-08-04T14:20:13 IST" name="Test" finished-at="2022-08-04T14:20:14 IST" duration-ms="103">
      <class name="testNG.ParametersAnnotation">
        <test-method signature="test1(java.lang.String, java.lang.String)[pri:0, instance:testNG.ParametersAnnotation@503d687a]" started-at="2022-08-04T14:20:14 IST" name="test1" finished-at="2022-08-04T14:20:14 IST" duration-ms="13" status="PASS">
          <params>
            <param index="0">
              <value>
                <![CDATA[user1]]>
              </value>
            </param>
            <param index="1">
              <value>
                <![CDATA[password1]]>
              </value>
            </param>
          </params>
          <reporter-output>
          </reporter-output>
        </test-method> <!-- test1 -->
        <test-method signature="test2()[pri:0, instance:testNG.ParametersAnnotation@503d687a]" started-at="2022-08-04T14:20:14 IST" name="test2" finished-at="2022-08-04T14:20:14 IST" duration-ms="13" status="PASS">
          <reporter-output>
          </reporter-output>
        </test-method> <!-- test2 -->
        <test-method signature="test3()[pri:0, instance:testNG.ParametersAnnotation@503d687a]" started-at="2022-08-04T14:20:14 IST" name="test3" finished-at="2022-08-04T14:20:14 IST" duration-ms="1" status="PASS">
          <reporter-output>
          </reporter-output>
        </test-method> <!-- test3 -->
        <test-method signature="test4()[pri:0, instance:testNG.ParametersAnnotation@503d687a]" started-at="2022-08-04T14:20:14 IST" name="test4" finished-at="2022-08-04T14:20:14 IST" duration-ms="3" status="PASS">
          <reporter-output>
          </reporter-output>
        </test-method> <!-- test4 -->
      </class> <!-- testNG.ParametersAnnotation -->
    </test> <!-- Test -->
  </suite> <!-- Suite -->
</testng-results>
