<?xml version="1.0" encoding="UTF-8"?>
<testsuite xmlns:xsi="http://www.w3.org/2001/XMLSchema-instance" xsi:noNamespaceSchemaLocation="https://maven.apache.org/surefire/maven-surefire-plugin/xsd/surefire-test-report-3.0.xsd" version="3.0" name="TestSuite" time="1.017" tests="4" errors="0" skipped="0" failures="0">
  <properties>
[...]
</properties>
  <testcase name="test1[user1, password1](1)" classname="testNG.ParametersAnnotation" time="0.03">
    <system-out><![CDATA[user1 password1
smoke,sanity
]]></system-out>
  </testcase>
  <testcase name="test2" classname="testNG.ParametersAnnotation" time="0.005">
    <system-out><![CDATA[sanity
]]></system-out>
  </testcase>
  <testcase name="test3" classname="testNG.ParametersAnnotation" time="0.002">
    <system-out><![CDATA[smoke
]]></system-out>
  </testcase>
  <testcase name="test4" classname="testNG.ParametersAnnotation" time="0.003">
    <system-out><![CDATA[smoke
]]></system-out>
  </testcase>
</testsuite>