<?xml version="1.0" encoding="UTF-8"?>
<testng-results ignored="0" total="1" passed="1" failed="0" skipped="0">
  <reporter-output>
  </reporter-output>
  <suite started-at="2022-08-08T14:27:24 IST" name="Default suite" finished-at="2022-08-08T14:28:14 IST" duration-ms="50096">
    <groups>
    </groups>
    <test started-at="2022-08-08T14:27:24 IST" name="Default test" finished-at="2022-08-08T14:28:14 IST" duration-ms="50096">
      <class name="testCases.HomePageTestCases">
        <test-method is-config="true" signature="launchurl()[pri:0, instance:testCases.HomePageTestCases@1a18644]" started-at="2022-08-08T14:27:24 IST" name="launchurl" finished-at="2022-08-08T14:27:59 IST" duration-ms="35277" status="PASS">
          <reporter-output>
          </reporter-output>
        </test-method> <!-- launchurl -->
        <test-method signature="verifyFormFiledSelection()[pri:0, instance:testCases.HomePageTestCases@1a18644]" started-at="2022-08-08T14:28:00 IST" name="verifyFormFiledSelection" finished-at="2022-08-08T14:28:14 IST" duration-ms="14422" status="PASS">
          <reporter-output>
          </reporter-output>
        </test-method> <!-- verifyFormFiledSelection -->
      </class> <!-- testCases.HomePageTestCases -->
    </test> <!-- Default test -->
  </suite> <!-- Default suite -->
</testng-results>
